TN:
SF:src/App.jsx
FN:7,App
FN:15,(anonymous_1)
FN:27,(anonymous_2)
FN:29,(anonymous_3)
FN:41,(anonymous_4)
FN:46,(anonymous_5)
FN:57,(anonymous_6)
FN:58,(anonymous_7)
FN:58,(anonymous_8)
FN:61,(anonymous_9)
FN:62,(anonymous_10)
FN:69,(anonymous_11)
FN:71,(anonymous_12)
FN:78,(anonymous_13)
FN:79,(anonymous_14)
FN:81,(anonymous_15)
FN:106,(anonymous_16)
FN:111,(anonymous_17)
FN:116,(anonymous_18)
FNF:19
FNH:14
FNDA:9,App
FNDA:1,(anonymous_1)
FNDA:2,(anonymous_2)
FNDA:2,(anonymous_3)
FNDA:0,(anonymous_4)
FNDA:3,(anonymous_5)
FNDA:4,(anonymous_6)
FNDA:3,(anonymous_7)
FNDA:1,(anonymous_8)
FNDA:3,(anonymous_9)
FNDA:1,(anonymous_10)
FNDA:5,(anonymous_11)
FNDA:5,(anonymous_12)
FNDA:1,(anonymous_13)
FNDA:0,(anonymous_14)
FNDA:0,(anonymous_15)
FNDA:0,(anonymous_16)
FNDA:9,(anonymous_17)
FNDA:0,(anonymous_18)
DA:8,9
DA:9,9
DA:10,9
DA:11,9
DA:12,9
DA:13,9
DA:14,9
DA:15,9
DA:16,1
DA:17,1
DA:18,1
DA:19,1
DA:20,1
DA:22,0
DA:24,1
DA:27,9
DA:28,2
DA:29,2
DA:30,2
DA:31,2
DA:32,2
DA:33,2
DA:34,1
DA:36,1
DA:38,2
DA:41,2
DA:42,0
DA:46,9
DA:47,3
DA:48,3
DA:49,1
DA:51,2
DA:54,0
DA:57,9
DA:58,4
DA:61,9
DA:62,3
DA:63,1
DA:64,1
DA:65,1
DA:69,9
DA:70,5
DA:71,5
DA:72,5
DA:73,1
DA:75,4
DA:78,9
DA:79,1
DA:80,1
DA:81,0
DA:83,0
DA:84,0
DA:86,1
DA:88,9
DA:106,0
DA:112,9
DA:116,0
LF:57
LH:49
BRDA:22,0,0,0
BRDA:22,0,1,0
BRDA:34,1,0,1
BRDA:34,1,1,0
BRDA:36,2,0,1
BRDA:36,2,1,0
BRDA:36,3,0,1
BRDA:36,3,1,0
BRDA:38,4,0,2
BRDA:38,4,1,0
BRDA:48,5,0,1
BRDA:48,5,1,2
BRDA:64,6,0,1
BRDA:64,6,1,1
BRDA:72,7,0,1
BRDA:72,7,1,4
BRDA:72,8,0,5
BRDA:72,8,1,2
BRDA:80,9,0,0
BRDA:80,9,1,1
BRDA:105,10,0,8
BRDA:105,10,1,1
BRDA:115,11,0,1
BRDA:115,11,1,8
BRDA:119,12,0,9
BRDA:119,12,1,7
BRDA:131,13,0,9
BRDA:131,13,1,3
BRDA:132,14,0,9
BRDA:132,14,1,1
BRDA:140,15,0,9
BRDA:140,15,1,6
BRDA:140,15,2,5
BRF:33
BRH:26
end_of_record
TN:
SF:src/components/CourseCard.jsx
FN:3,(anonymous_0)
FN:14,(anonymous_1)
FNF:2
FNH:2
FNDA:12,(anonymous_0)
FNDA:2,(anonymous_1)
DA:3,3
DA:4,12
DA:5,12
DA:6,12
DA:14,2
DA:25,3
LF:6
LH:6
BRDA:15,0,0,3
BRDA:15,0,1,9
BRDA:17,1,0,3
BRDA:17,1,1,9
BRF:4
BRH:4
end_of_record
TN:
SF:src/components/CourseList.jsx
FN:3,(anonymous_0)
FN:9,(anonymous_1)
FN:10,(anonymous_2)
FNF:3
FNH:3
FNDA:7,(anonymous_0)
FNDA:10,(anonymous_1)
FNDA:5,(anonymous_2)
DA:3,2
DA:4,7
DA:5,1
DA:7,6
DA:10,10
DA:11,10
DA:27,2
LF:7
LH:7
BRDA:4,0,0,1
BRDA:4,0,1,6
BRF:2
BRH:2
end_of_record
TN:
SF:src/components/Header.jsx
FN:3,(anonymous_0)
FN:18,(anonymous_1)
FNF:2
FNH:2
FNDA:10,(anonymous_0)
FNDA:2,(anonymous_1)
DA:3,2
DA:4,10
DA:18,2
DA:29,2
LF:4
LH:4
BRDA:6,0,0,3
BRDA:6,0,1,7
BRF:2
BRH:2
end_of_record
TN:
SF:src/components/SearchBar.jsx
FN:3,(anonymous_0)
FN:13,(anonymous_1)
FN:23,(anonymous_2)
FN:26,(anonymous_3)
FNF:4
FNH:4
FNDA:10,(anonymous_0)
FNDA:1,(anonymous_1)
FNDA:2,(anonymous_2)
FNDA:11,(anonymous_3)
DA:3,2
DA:4,10
DA:13,1
DA:23,2
DA:27,11
DA:36,2
LF:6
LH:6
BRDA:3,0,0,10
BRF:1
BRH:1
end_of_record
TN:
SF:src/hooks/useLocalStorage.js
FN:2,(anonymous_0)
FN:3,(anonymous_1)
FN:12,(anonymous_2)
FNF:3
FNH:3
FNDA:18,(anonymous_0)
FNDA:4,(anonymous_1)
FNDA:6,(anonymous_2)
DA:2,1
DA:3,18
DA:4,4
DA:5,4
DA:6,4
DA:8,0
DA:9,0
DA:12,18
DA:13,6
DA:14,6
DA:16,0
DA:19,18
LF:12
LH:9
BRDA:6,0,0,0
BRDA:6,0,1,4
BRF:2
BRH:1
end_of_record
TN:
SF:src/services/courseService.js
FN:3,(anonymous_0)
FN:6,(anonymous_1)
FNF:2
FNH:2
FNDA:2,(anonymous_0)
FNDA:1,(anonymous_1)
DA:2,1
DA:3,1
DA:4,2
DA:5,2
DA:6,1
DA:13,1
DA:14,1
LF:7
LH:7
BRF:0
BRH:0
end_of_record
TN:
SF:src/utils/sanitize.js
FN:1,(anonymous_0)
FNF:1
FNH:1
FNDA:24,(anonymous_0)
DA:1,3
DA:2,24
DA:3,24
LF:3
LH:3
BRDA:2,0,0,0
BRDA:2,0,1,24
BRF:2
BRH:1
end_of_record
